<?xml version="1.0" encoding="UTF-8"?>
<testng-results skipped="0" failed="0" ignored="0" total="1" passed="1">
  <reporter-output>
  </reporter-output>
  <suite name="Default suite" duration-ms="222" started-at="2020-04-06T08:52:47 IST" finished-at="2020-04-06T08:52:48 IST">
    <groups>
    </groups>
    <test name="Default test" duration-ms="222" started-at="2020-04-06T08:52:47 IST" finished-at="2020-04-06T08:52:48 IST">
      <class name="FirstTestNGProject.Assert">
        <test-method status="PASS" signature="openBrowser()[pri:0, instance:FirstTestNGProject.Assert@6ddf90b0]" name="openBrowser" is-config="true" duration-ms="86" started-at="2020-04-06T08:52:47 IST" finished-at="2020-04-06T08:52:47 IST">
          <reporter-output>
          </reporter-output>
        </test-method> <!-- openBrowser -->
        <test-method status="PASS" signature="testB()[pri:0, instance:FirstTestNGProject.Assert@6ddf90b0]" name="testB" duration-ms="12" started-at="2020-04-06T08:52:47 IST" finished-at="2020-04-06T08:52:48 IST">
          <reporter-output>
          </reporter-output>
        </test-method> <!-- testB -->
        <test-method status="PASS" signature="closeBrowser()[pri:0, instance:FirstTestNGProject.Assert@6ddf90b0]" name="closeBrowser" is-config="true" duration-ms="1" started-at="2020-04-06T08:52:48 IST" finished-at="2020-04-06T08:52:48 IST">
          <reporter-output>
          </reporter-output>
        </test-method> <!-- closeBrowser -->
      </class> <!-- FirstTestNGProject.Assert -->
    </test> <!-- Default test -->
  </suite> <!-- Default suite -->
</testng-results>
