<?xml version="1.0" encoding="UTF-8"?>
<testng-results skipped="0" failed="0" ignored="0" total="5" passed="5">
  <reporter-output>
  </reporter-output>
  <suite name="Default suite" duration-ms="16432" started-at="2020-03-31T11:07:12 IST" finished-at="2020-03-31T11:07:29 IST">
    <groups>
    </groups>
    <test name="Default test" duration-ms="16432" started-at="2020-03-31T11:07:12 IST" finished-at="2020-03-31T11:07:29 IST">
      <class name="FirstTestNGProject.FirstLogin">
        <test-method status="PASS" signature="launchBrowser()[pri:0, instance:FirstTestNGProject.FirstLogin@2b9627bc]" name="launchBrowser" is-config="true" duration-ms="1" started-at="2020-03-31T11:07:12 IST" finished-at="2020-03-31T11:07:12 IST">
          <reporter-output>
          </reporter-output>
        </test-method> <!-- launchBrowser -->
        <test-method status="PASS" signature="loginPage()[pri:0, instance:FirstTestNGProject.FirstLogin@2b9627bc]" name="loginPage" duration-ms="8" started-at="2020-03-31T11:07:12 IST" finished-at="2020-03-31T11:07:12 IST">
          <reporter-output>
          </reporter-output>
        </test-method> <!-- loginPage -->
        <test-method status="PASS" signature="logout()[pri:0, instance:FirstTestNGProject.FirstLogin@2b9627bc]" name="logout" is-config="true" duration-ms="1" started-at="2020-03-31T11:07:29 IST" finished-at="2020-03-31T11:07:29 IST">
          <reporter-output>
          </reporter-output>
        </test-method> <!-- logout -->
      </class> <!-- FirstTestNGProject.FirstLogin -->
      <class name="FirstTestNGProject.Assert">
        <test-method status="PASS" signature="openBrowser()[pri:0, instance:FirstTestNGProject.Assert@65e2dbf3]" name="openBrowser" is-config="true" duration-ms="23" started-at="2020-03-31T11:07:12 IST" finished-at="2020-03-31T11:07:12 IST">
          <reporter-output>
          </reporter-output>
        </test-method> <!-- openBrowser -->
        <test-method status="PASS" signature="testB()[pri:0, instance:FirstTestNGProject.Assert@65e2dbf3]" name="testB" duration-ms="5" started-at="2020-03-31T11:07:12 IST" finished-at="2020-03-31T11:07:12 IST">
          <reporter-output>
          </reporter-output>
        </test-method> <!-- testB -->
        <test-method status="PASS" signature="closeBrowser()[pri:0, instance:FirstTestNGProject.Assert@65e2dbf3]" name="closeBrowser" is-config="true" duration-ms="1" started-at="2020-03-31T11:07:29 IST" finished-at="2020-03-31T11:07:29 IST">
          <reporter-output>
          </reporter-output>
        </test-method> <!-- closeBrowser -->
      </class> <!-- FirstTestNGProject.Assert -->
      <class name="FirstTestNGProject.basicTest">
        <test-method status="PASS" signature="open()[pri:0, instance:FirstTestNGProject.basicTest@4f970963]" name="open" duration-ms="16274" started-at="2020-03-31T11:07:12 IST" finished-at="2020-03-31T11:07:29 IST">
          <reporter-output>
          </reporter-output>
        </test-method> <!-- open -->
      </class> <!-- FirstTestNGProject.basicTest -->
      <class name="FirstTestNGProject.dataprovider">
        <test-method status="PASS" signature="dologin(java.lang.String, java.lang.String, java.lang.String)[pri:0, instance:FirstTestNGProject.dataprovider@61f8bee4]" name="dologin" duration-ms="5" started-at="2020-03-31T11:07:29 IST" data-provider="getdata" finished-at="2020-03-31T11:07:29 IST">
          <params>
            <param index="0">
              <value>
                <![CDATA[sujeet]]>
              </value>
            </param>
            <param index="1">
              <value>
                <![CDATA[123456]]>
              </value>
            </param>
            <param index="2">
              <value>
                <![CDATA[chrome Environment]]>
              </value>
            </param>
          </params>
          <reporter-output>
          </reporter-output>
        </test-method> <!-- dologin -->
        <test-method status="PASS" signature="dologin(java.lang.String, java.lang.String, java.lang.String)[pri:0, instance:FirstTestNGProject.dataprovider@61f8bee4]" name="dologin" duration-ms="10" started-at="2020-03-31T11:07:29 IST" data-provider="getdata" finished-at="2020-03-31T11:07:29 IST">
          <params>
            <param index="0">
              <value>
                <![CDATA[ajit]]>
              </value>
            </param>
            <param index="1">
              <value>
                <![CDATA[789546]]>
              </value>
            </param>
            <param index="2">
              <value>
                <![CDATA[firefox Environment]]>
              </value>
            </param>
          </params>
          <reporter-output>
          </reporter-output>
        </test-method> <!-- dologin -->
      </class> <!-- FirstTestNGProject.dataprovider -->
    </test> <!-- Default test -->
  </suite> <!-- Default suite -->
</testng-results>
