<?xml version="1.0" encoding="UTF-8"?>
<!-- Generated by org.testng.reporters.JUnitXMLReporter -->
<testsuite hostname="DESKTOP-E932GNO" ignored="0" name="Default test" tests="5" failures="0" timestamp="2020-03-31T11:07:29 IST" time="16.432" errors="0">
  <testcase name="loginPage" time="0.008" classname="FirstTestNGProject.FirstLogin"/>
  <testcase name="testB" time="0.005" classname="FirstTestNGProject.Assert"/>
  <testcase name="open" time="16.274" classname="FirstTestNGProject.basicTest"/>
  <testcase name="dologin" time="0.005" classname="FirstTestNGProject.dataprovider"/>
  <testcase name="dologin" time="0.01" classname="FirstTestNGProject.dataprovider"/>
</testsuite> <!-- Default test -->
